Files ./accel/kvm/kvm-all.c and ../qemu-vmfork/qemu-5.2.0/accel/kvm/kvm-all.c differ
Files ./accel/kvm/kvm-cpus.c and ../qemu-vmfork/qemu-5.2.0/accel/kvm/kvm-cpus.c differ
Files ./accel/kvm/kvm-cpus.h and ../qemu-vmfork/qemu-5.2.0/accel/kvm/kvm-cpus.h differ
Files ./accel/tcg/tcg-cpus.c and ../qemu-vmfork/qemu-5.2.0/accel/tcg/tcg-cpus.c differ
Files ./backends/hostmem-file.c and ../qemu-vmfork/qemu-5.2.0/backends/hostmem-file.c differ
Files ./block/file-posix.c and ../qemu-vmfork/qemu-5.2.0/block/file-posix.c differ
Files ./block/io.c and ../qemu-vmfork/qemu-5.2.0/block/io.c differ
Files ./block/qcow2.c and ../qemu-vmfork/qemu-5.2.0/block/qcow2.c differ
Files ./block/qcow2.h and ../qemu-vmfork/qemu-5.2.0/block/qcow2.h differ
Files ./block/qcow2-snapshot.c and ../qemu-vmfork/qemu-5.2.0/block/qcow2-snapshot.c differ
Files ./block.c and ../qemu-vmfork/qemu-5.2.0/block.c differ
Files ./blockdev.c and ../qemu-vmfork/qemu-5.2.0/blockdev.c differ
Files ./chardev/char.c and ../qemu-vmfork/qemu-5.2.0/chardev/char.c differ
Files ./chardev/char-stdio.c and ../qemu-vmfork/qemu-5.2.0/chardev/char-stdio.c differ
Files ./configure and ../qemu-vmfork/qemu-5.2.0/configure differ
Files ./cpus-common.c and ../qemu-vmfork/qemu-5.2.0/cpus-common.c differ
Files ./disas/capstone.c and ../qemu-vmfork/qemu-5.2.0/disas/capstone.c differ
Files ./docs/nvdimm.txt and ../qemu-vmfork/qemu-5.2.0/docs/nvdimm.txt differ
Files ./.gdbinit and ../qemu-vmfork/qemu-5.2.0/.gdbinit differ
Files ./gdbstub.c and ../qemu-vmfork/qemu-5.2.0/gdbstub.c differ
Files ./.gitignore and ../qemu-vmfork/qemu-5.2.0/.gitignore differ
Files ./hmp-commands.hx and ../qemu-vmfork/qemu-5.2.0/hmp-commands.hx differ
Files ./hw/9pfs/9p.c and ../qemu-vmfork/qemu-5.2.0/hw/9pfs/9p.c differ
Files ./hw/9pfs/9p.h and ../qemu-vmfork/qemu-5.2.0/hw/9pfs/9p.h differ
Files ./hw/9pfs/coth.h and ../qemu-vmfork/qemu-5.2.0/hw/9pfs/coth.h differ
Files ./hw/i386/kvm/i8254.c and ../qemu-vmfork/qemu-5.2.0/hw/i386/kvm/i8254.c differ
Files ./hw/mem/nvdimm.c and ../qemu-vmfork/qemu-5.2.0/hw/mem/nvdimm.c differ
Files ./hw/s390x/meson.build and ../qemu-vmfork/qemu-5.2.0/hw/s390x/meson.build differ
Files ./include/block/block_int.h and ../qemu-vmfork/qemu-5.2.0/include/block/block_int.h differ
Files ./include/chardev/char.h and ../qemu-vmfork/qemu-5.2.0/include/chardev/char.h differ
Files ./include/exec/cpu-common.h and ../qemu-vmfork/qemu-5.2.0/include/exec/cpu-common.h differ
Files ./include/exec/gdbstub.h and ../qemu-vmfork/qemu-5.2.0/include/exec/gdbstub.h differ
Files ./include/exec/memory.h and ../qemu-vmfork/qemu-5.2.0/include/exec/memory.h differ
Files ./include/exec/ram_addr.h and ../qemu-vmfork/qemu-5.2.0/include/exec/ram_addr.h differ
Files ./include/exec/ramlist.h and ../qemu-vmfork/qemu-5.2.0/include/exec/ramlist.h differ
Files ./include/hw/core/cpu.h and ../qemu-vmfork/qemu-5.2.0/include/hw/core/cpu.h differ
Files ./include/migration/snapshot.h and ../qemu-vmfork/qemu-5.2.0/include/migration/snapshot.h differ
Files ./include/monitor/hmp.h and ../qemu-vmfork/qemu-5.2.0/include/monitor/hmp.h differ
Files ./include/monitor/monitor.h and ../qemu-vmfork/qemu-5.2.0/include/monitor/monitor.h differ
Files ./include/net/slirp.h and ../qemu-vmfork/qemu-5.2.0/include/net/slirp.h differ
Files ./include/qemu/futex.h and ../qemu-vmfork/qemu-5.2.0/include/qemu/futex.h differ
Files ./include/qemu/main-loop.h and ../qemu-vmfork/qemu-5.2.0/include/qemu/main-loop.h differ
Files ./include/qemu/mmap-alloc.h and ../qemu-vmfork/qemu-5.2.0/include/qemu/mmap-alloc.h differ
Files ./include/qemu/option_int.h and ../qemu-vmfork/qemu-5.2.0/include/qemu/option_int.h differ
Files ./include/qemu/osdep.h and ../qemu-vmfork/qemu-5.2.0/include/qemu/osdep.h differ
Files ./include/qemu/queue.h and ../qemu-vmfork/qemu-5.2.0/include/qemu/queue.h differ
Files ./include/qemu/thread.h and ../qemu-vmfork/qemu-5.2.0/include/qemu/thread.h differ
Files ./include/sysemu/cpus.h and ../qemu-vmfork/qemu-5.2.0/include/sysemu/cpus.h differ
Files ./include/sysemu/kvm_int.h and ../qemu-vmfork/qemu-5.2.0/include/sysemu/kvm_int.h differ
Files ./io/channel-socket.c and ../qemu-vmfork/qemu-5.2.0/io/channel-socket.c differ
Files ./iothread.c and ../qemu-vmfork/qemu-5.2.0/iothread.c differ
Files ./kata.cfg and ../qemu-vmfork/qemu-5.2.0/kata.cfg differ
Files ./linux-headers/linux/kvm.h and ../qemu-vmfork/qemu-5.2.0/linux-headers/linux/kvm.h differ
Files ./linux-user/main.c and ../qemu-vmfork/qemu-5.2.0/linux-user/main.c differ
Files ./meson.build and ../qemu-vmfork/qemu-5.2.0/meson.build differ
Files ./migration/qemu-file.c and ../qemu-vmfork/qemu-5.2.0/migration/qemu-file.c differ
Files ./migration/ram.c and ../qemu-vmfork/qemu-5.2.0/migration/ram.c differ
Files ./migration/savevm.c and ../qemu-vmfork/qemu-5.2.0/migration/savevm.c differ
Files ./monitor/hmp.c and ../qemu-vmfork/qemu-5.2.0/monitor/hmp.c differ
Files ./monitor/hmp-cmds.c and ../qemu-vmfork/qemu-5.2.0/monitor/hmp-cmds.c differ
Files ./monitor/misc.c and ../qemu-vmfork/qemu-5.2.0/monitor/misc.c differ
Files ./monitor/monitor.c and ../qemu-vmfork/qemu-5.2.0/monitor/monitor.c differ
Files ./monitor/monitor-internal.h and ../qemu-vmfork/qemu-5.2.0/monitor/monitor-internal.h differ
Files ./monitor/qmp-cmds.c and ../qemu-vmfork/qemu-5.2.0/monitor/qmp-cmds.c differ
Files ./net/slirp.c and ../qemu-vmfork/qemu-5.2.0/net/slirp.c differ
Files ./qapi/misc.json and ../qemu-vmfork/qemu-5.2.0/qapi/misc.json differ
Files ./qemu-options.hx and ../qemu-vmfork/qemu-5.2.0/qemu-options.hx differ
Files ./qom/object.c and ../qemu-vmfork/qemu-5.2.0/qom/object.c differ
Files ./slirp/src/debug.h and ../qemu-vmfork/qemu-5.2.0/slirp/src/debug.h differ
Files ./slirp/src/socket.c and ../qemu-vmfork/qemu-5.2.0/slirp/src/socket.c differ
Files ./softmmu/cpus.c and ../qemu-vmfork/qemu-5.2.0/softmmu/cpus.c differ
Files ./softmmu/main.c and ../qemu-vmfork/qemu-5.2.0/softmmu/main.c differ
Files ./softmmu/memory.c and ../qemu-vmfork/qemu-5.2.0/softmmu/memory.c differ
Files ./softmmu/physmem.c and ../qemu-vmfork/qemu-5.2.0/softmmu/physmem.c differ
Files ./softmmu/qdev-monitor.c and ../qemu-vmfork/qemu-5.2.0/softmmu/qdev-monitor.c differ
Files ./softmmu/vl.c and ../qemu-vmfork/qemu-5.2.0/softmmu/vl.c differ
Files ./target/i386/cpu.h and ../qemu-vmfork/qemu-5.2.0/target/i386/cpu.h differ
Files ./target/i386/kvm.c and ../qemu-vmfork/qemu-5.2.0/target/i386/kvm.c differ
Files ./tools/meson.build and ../qemu-vmfork/qemu-5.2.0/tools/meson.build differ
Files ./tools/virtiofsd/passthrough_ll.c and ../qemu-vmfork/qemu-5.2.0/tools/virtiofsd/passthrough_ll.c differ
Files ./tools/virtiofsd/passthrough_seccomp.c and ../qemu-vmfork/qemu-5.2.0/tools/virtiofsd/passthrough_seccomp.c differ
Files ./util/main-loop.c and ../qemu-vmfork/qemu-5.2.0/util/main-loop.c differ
Files ./util/meson.build and ../qemu-vmfork/qemu-5.2.0/util/meson.build differ
Files ./util/mmap-alloc.c and ../qemu-vmfork/qemu-5.2.0/util/mmap-alloc.c differ
Files ./util/osdep.c and ../qemu-vmfork/qemu-5.2.0/util/osdep.c differ
Files ./util/oslib-posix.c and ../qemu-vmfork/qemu-5.2.0/util/oslib-posix.c differ
Files ./util/qemu-option.c and ../qemu-vmfork/qemu-5.2.0/util/qemu-option.c differ
Files ./util/qemu-thread-posix.c and ../qemu-vmfork/qemu-5.2.0/util/qemu-thread-posix.c differ
Files ./util/rcu.c and ../qemu-vmfork/qemu-5.2.0/util/rcu.c differ
Files ./util/thread-pool.c and ../qemu-vmfork/qemu-5.2.0/util/thread-pool.c differ
Files ./vm.log and ../qemu-vmfork/qemu-5.2.0/vm.log differ
