Only in ../../tools/qemu-vmfork/qemu-5.2.0/: bin
Only in ../../tools/qemu-vmfork/qemu-5.2.0/: boot-sect.asm
Only in ./build/meson-private: x86_64-softmmu-config-devices.mak.d
Only in ../../tools/qemu-vmfork/qemu-5.2.0/build/roms/seabios: Makefile
Only in ./build/tests/ptimer-test.p: _home_bilal_kvm-samples_qemu-5.2.0_hw_core_ptimer.c.o
Only in ../../tools/qemu-vmfork/qemu-5.2.0/build/tests/ptimer-test.p: _home_bilal_tools_qemu-vmfork_qemu-5.2.0_hw_core_ptimer.c.o
Only in ./capstone/bindings/python/capstone: __init__.py
Only in ./capstone/bindings/python/pyx: ccapstone.pyx
Only in ./capstone: .git
Only in ../../tools/qemu-vmfork/qemu-5.2.0/: child-qmp.sock
Only in .: diff_differing.log
Only in .: diff_only.log
Only in .: diff_qemu_sanitized.log
Only in .: diff_qemu.txt
Only in .: diff_qemu.txt.new
Only in ../../tools/qemu-vmfork/qemu-5.2.0/: doxygen.conf
Only in ../../tools/qemu-vmfork/qemu-5.2.0/: doxygen_out
Only in ./dtc: .git
Only in ../../tools/qemu-vmfork/qemu-5.2.0/: err.log
Only in ../../tools/qemu-vmfork/qemu-5.2.0/: events
Only in ../../tools/qemu-vmfork/qemu-5.2.0/: .git
Only in ../../tools/qemu-vmfork/qemu-5.2.0/: .gitattributes
Only in ../../tools/qemu-vmfork/qemu-5.2.0/: .github
Only in ../../tools/qemu-vmfork/qemu-5.2.0/: .gitignore
Only in ../../tools/qemu-vmfork/qemu-5.2.0/: .gitlab-ci.d
Only in ../../tools/qemu-vmfork/qemu-5.2.0/: .gitlab-ci.yml
Only in ../../tools/qemu-vmfork/qemu-5.2.0/: .gitmodules
Only in ../../tools/qemu-vmfork/qemu-5.2.0/: .gitpublish
Only in ../../tools/qemu-vmfork/qemu-5.2.0/: html
Only in ../../tools/qemu-vmfork/qemu-5.2.0/hw/9pfs: 9p.c.orig
Only in ../../tools/qemu-vmfork/qemu-5.2.0/hw/9pfs: 9p.h.orig
Only in ../../tools/qemu-vmfork/qemu-5.2.0/hw/9pfs: coth.h.orig
Only in ../../tools/qemu-vmfork/qemu-5.2.0/include/exec: memory.h.orig
Only in ../../tools/qemu-vmfork/qemu-5.2.0/: latex
Only in ./meson: .git
Only in ./meson/mesonbuild/cmake/__pycache__: toolchain.cpython-36.pyc
Only in ./meson/mesonbuild/compilers/mixins/__pycache__: compcert.cpython-36.pyc
Only in ./meson/mesonbuild/compilers/__pycache__: cython.cpython-36.pyc
Only in ./meson/mesonbuild/compilers/__pycache__: detect.cpython-36.pyc
Only in ./meson/mesonbuild/dependencies/__pycache__: cmake.cpython-36.pyc
Only in ./meson/mesonbuild/dependencies/__pycache__: configtool.cpython-36.pyc
Only in ./meson/mesonbuild/dependencies/__pycache__: detect.cpython-36.pyc
Only in ./meson/mesonbuild/dependencies/__pycache__: dub.cpython-36.pyc
Only in ./meson/mesonbuild/dependencies/__pycache__: factory.cpython-36.pyc
Only in ./meson/mesonbuild/dependencies/__pycache__: framework.cpython-36.pyc
Only in ./meson/mesonbuild/dependencies/__pycache__: pkgconfig.cpython-36.pyc
Only in ./meson/mesonbuild/dependencies/__pycache__: qt.cpython-36.pyc
Only in ./meson/mesonbuild: interpreter
Only in ./meson/mesonbuild: interpreterbase
Only in ./meson/mesonbuild: linkers
Only in ./meson/mesonbuild: mesonlib
Only in ../../tools/qemu-vmfork/qemu-5.2.0/meson/mesonbuild/modules/__pycache__: i18n.cpython-36.pyc
Only in ./meson/mesonbuild/__pycache__: mdevenv.cpython-36.pyc
Only in ./meson/mesonbuild/__pycache__: _pathlib.cpython-36.pyc
Only in ./meson/mesonbuild/__pycache__: programs.cpython-36.pyc
Only in ../../tools/qemu-vmfork/qemu-5.2.0/meson: meson-info
Only in ../../tools/qemu-vmfork/qemu-5.2.0/meson: meson-logs
Only in ../../tools/qemu-vmfork/qemu-5.2.0/meson: meson-private
Only in ./meson/test cases/common/157 wrap file should not failed/subprojects: packagecache
Only in ./meson/test cases/d/10 d cpp: dmain.d
Only in ./meson/test cases/d/10 d cpp: libfile.d
Only in ./meson/test cases/d/11 dub: test.d
Only in ./meson/test cases/d/1 simple: app.d
Only in ./meson/test cases/d/1 simple: utils.d
Only in ./meson/test cases/d/2 static library: app.d
Only in ./meson/test cases/d/2 static library: libstuff.d
Only in ./meson/test cases/d/3 shared library: app.d
Only in ./meson/test cases/d/3 shared library: libstuff.d
Only in ./meson/test cases/d/3 shared library/sub: libstuff.d
Only in ./meson/test cases/d/4 library versions: lib.d
Only in ./meson/test cases/d/5 mixed: app.d
Only in ./meson/test cases/d/6 unittest: app.d
Only in ./meson/test cases/d/6 unittest: second_unit.d
Only in ./meson/test cases/d/7 multilib: app.d
Only in ./meson/test cases/d/7 multilib: say1.d
Only in ./meson/test cases/d/7 multilib: say2.d
Only in ./meson/test cases/d/9 features: app.d
Only in ./meson/test cases/d/9 features: extra.d
Only in ../../tools/qemu-vmfork/qemu-5.2.0/monitor: monitor.c.orig
Only in ../../tools/qemu-vmfork/qemu-5.2.0/: out.log
Only in ../../tools/qemu-vmfork/qemu-5.2.0/: peda-session-dash.txt
Only in .: port_progress.md
Only in ../../tools/qemu-vmfork/qemu-5.2.0/: post_load_mr.log
Only in ../../tools/qemu-vmfork/qemu-5.2.0/: pre-fork.dat
Only in ../../tools/qemu-vmfork/qemu-5.2.0/: pre_load_mr.log
Only in ../../tools/qemu-vmfork/qemu-5.2.0/roms/edk2: ArmPkg
Only in ../../tools/qemu-vmfork/qemu-5.2.0/roms/edk2: ArmPlatformPkg
Only in ../../tools/qemu-vmfork/qemu-5.2.0/roms/edk2: ArmVirtPkg
Only in ../../tools/qemu-vmfork/qemu-5.2.0/roms/edk2: .azurepipelines
Only in ../../tools/qemu-vmfork/qemu-5.2.0/roms/edk2: BaseTools
Only in ../../tools/qemu-vmfork/qemu-5.2.0/roms/edk2: CONTRIBUTING.md
Only in ../../tools/qemu-vmfork/qemu-5.2.0/roms/edk2: CryptoPkg
Only in ../../tools/qemu-vmfork/qemu-5.2.0/roms/edk2: DynamicTablesPkg
Only in ../../tools/qemu-vmfork/qemu-5.2.0/roms/edk2: edksetup.bat
Only in ../../tools/qemu-vmfork/qemu-5.2.0/roms/edk2: edksetup.sh
Only in ../../tools/qemu-vmfork/qemu-5.2.0/roms/edk2: EmbeddedPkg
Only in ../../tools/qemu-vmfork/qemu-5.2.0/roms/edk2: EmulatorPkg
Only in ../../tools/qemu-vmfork/qemu-5.2.0/roms/edk2: FatPkg
Only in ../../tools/qemu-vmfork/qemu-5.2.0/roms/edk2: FmpDevicePkg
Only in ../../tools/qemu-vmfork/qemu-5.2.0/roms/edk2: .gitignore
Only in ../../tools/qemu-vmfork/qemu-5.2.0/roms/edk2: .gitmodules
Only in ../../tools/qemu-vmfork/qemu-5.2.0/roms/edk2: IntelFsp2Pkg
Only in ../../tools/qemu-vmfork/qemu-5.2.0/roms/edk2: IntelFsp2WrapperPkg
Only in ../../tools/qemu-vmfork/qemu-5.2.0/roms/edk2: License-History.txt
Only in ../../tools/qemu-vmfork/qemu-5.2.0/roms/edk2: License.txt
Only in ../../tools/qemu-vmfork/qemu-5.2.0/roms/edk2: .mailmap
Only in ../../tools/qemu-vmfork/qemu-5.2.0/roms/edk2: Maintainers.txt
Only in ../../tools/qemu-vmfork/qemu-5.2.0/roms/edk2: MdeModulePkg
Only in ../../tools/qemu-vmfork/qemu-5.2.0/roms/edk2: MdePkg
Only in ../../tools/qemu-vmfork/qemu-5.2.0/roms/edk2: .mergify
Only in ../../tools/qemu-vmfork/qemu-5.2.0/roms/edk2: NetworkPkg
Only in ../../tools/qemu-vmfork/qemu-5.2.0/roms/edk2: OvmfPkg
Only in ../../tools/qemu-vmfork/qemu-5.2.0/roms/edk2: PcAtChipsetPkg
Only in ../../tools/qemu-vmfork/qemu-5.2.0/roms/edk2: pip-requirements.txt
Only in ../../tools/qemu-vmfork/qemu-5.2.0/roms/edk2: .pytool
Only in ../../tools/qemu-vmfork/qemu-5.2.0/roms/edk2: ReadMe.rst
Only in ../../tools/qemu-vmfork/qemu-5.2.0/roms/edk2: SecurityPkg
Only in ../../tools/qemu-vmfork/qemu-5.2.0/roms/edk2: ShellPkg
Only in ../../tools/qemu-vmfork/qemu-5.2.0/roms/edk2: SignedCapsulePkg
Only in ../../tools/qemu-vmfork/qemu-5.2.0/roms/edk2: SourceLevelDebugPkg
Only in ../../tools/qemu-vmfork/qemu-5.2.0/roms/edk2: StandaloneMmPkg
Only in ../../tools/qemu-vmfork/qemu-5.2.0/roms/edk2: UefiCpuPkg
Only in ../../tools/qemu-vmfork/qemu-5.2.0/roms/edk2: UefiPayloadPkg
Only in ../../tools/qemu-vmfork/qemu-5.2.0/roms/edk2: UnitTestFrameworkPkg
Only in ../../tools/qemu-vmfork/qemu-5.2.0/roms/ipxe: contrib
Only in ../../tools/qemu-vmfork/qemu-5.2.0/roms/ipxe: COPYING
Only in ../../tools/qemu-vmfork/qemu-5.2.0/roms/ipxe: COPYING.GPLv2
Only in ../../tools/qemu-vmfork/qemu-5.2.0/roms/ipxe: COPYING.UBDL
Only in ../../tools/qemu-vmfork/qemu-5.2.0/roms/ipxe: README
Only in ../../tools/qemu-vmfork/qemu-5.2.0/roms/ipxe: src
Only in ../../tools/qemu-vmfork/qemu-5.2.0/roms/ipxe: .travis.yml
Only in ../../tools/qemu-vmfork/qemu-5.2.0/roms/openbios: arch
Only in ../../tools/qemu-vmfork/qemu-5.2.0/roms/openbios: build.xml
Only in ../../tools/qemu-vmfork/qemu-5.2.0/roms/openbios: config
Only in ../../tools/qemu-vmfork/qemu-5.2.0/roms/openbios: COPYING
Only in ../../tools/qemu-vmfork/qemu-5.2.0/roms/openbios: Documentation
Only in ../../tools/qemu-vmfork/qemu-5.2.0/roms/openbios: drivers
Only in ../../tools/qemu-vmfork/qemu-5.2.0/roms/openbios: forth
Only in ../../tools/qemu-vmfork/qemu-5.2.0/roms/openbios: fs
Only in ../../tools/qemu-vmfork/qemu-5.2.0/roms/openbios: .gitignore
Only in ../../tools/qemu-vmfork/qemu-5.2.0/roms/openbios: include
Only in ../../tools/qemu-vmfork/qemu-5.2.0/roms/openbios: kernel
Only in ../../tools/qemu-vmfork/qemu-5.2.0/roms/openbios: libc
Only in ../../tools/qemu-vmfork/qemu-5.2.0/roms/openbios: libgcc
Only in ../../tools/qemu-vmfork/qemu-5.2.0/roms/openbios: libopenbios
Only in ../../tools/qemu-vmfork/qemu-5.2.0/roms/openbios: Makefile
Only in ../../tools/qemu-vmfork/qemu-5.2.0/roms/openbios: Makefile.target
Only in ../../tools/qemu-vmfork/qemu-5.2.0/roms/openbios: packages
Only in ../../tools/qemu-vmfork/qemu-5.2.0/roms/openbios: README
Only in ../../tools/qemu-vmfork/qemu-5.2.0/roms/openbios: utils
Only in ../../tools/qemu-vmfork/qemu-5.2.0/roms/openbios: VERSION
Only in ../../tools/qemu-vmfork/qemu-5.2.0/roms/opensbi: .clang-format
Only in ../../tools/qemu-vmfork/qemu-5.2.0/roms/opensbi: CONTRIBUTORS.md
Only in ../../tools/qemu-vmfork/qemu-5.2.0/roms/opensbi: COPYING.BSD
Only in ../../tools/qemu-vmfork/qemu-5.2.0/roms/opensbi: docs
Only in ../../tools/qemu-vmfork/qemu-5.2.0/roms/opensbi: firmware
Only in ../../tools/qemu-vmfork/qemu-5.2.0/roms/opensbi: .gitignore
Only in ../../tools/qemu-vmfork/qemu-5.2.0/roms/opensbi: include
Only in ../../tools/qemu-vmfork/qemu-5.2.0/roms/opensbi: lib
Only in ../../tools/qemu-vmfork/qemu-5.2.0/roms/opensbi: Makefile
Only in ../../tools/qemu-vmfork/qemu-5.2.0/roms/opensbi: platform
Only in ../../tools/qemu-vmfork/qemu-5.2.0/roms/opensbi: README.md
Only in ../../tools/qemu-vmfork/qemu-5.2.0/roms/opensbi: scripts
Only in ../../tools/qemu-vmfork/qemu-5.2.0/roms/opensbi: ThirdPartyNotices.md
Only in ../../tools/qemu-vmfork/qemu-5.2.0/roms/qboot: benchmark.h
Only in ../../tools/qemu-vmfork/qemu-5.2.0/roms/qboot: code16.c
Only in ../../tools/qemu-vmfork/qemu-5.2.0/roms/qboot: code32seg.c
Only in ../../tools/qemu-vmfork/qemu-5.2.0/roms/qboot: cstart.S
Only in ../../tools/qemu-vmfork/qemu-5.2.0/roms/qboot: entry.S
Only in ../../tools/qemu-vmfork/qemu-5.2.0/roms/qboot: flat.lds
Only in ../../tools/qemu-vmfork/qemu-5.2.0/roms/qboot: fw_cfg.c
Only in ../../tools/qemu-vmfork/qemu-5.2.0/roms/qboot: hwsetup.c
Only in ../../tools/qemu-vmfork/qemu-5.2.0/roms/qboot: include
Only in ../../tools/qemu-vmfork/qemu-5.2.0/roms/qboot: LICENSE
Only in ../../tools/qemu-vmfork/qemu-5.2.0/roms/qboot: linuxboot.c
Only in ../../tools/qemu-vmfork/qemu-5.2.0/roms/qboot: main.c
Only in ../../tools/qemu-vmfork/qemu-5.2.0/roms/qboot: malloc.c
Only in ../../tools/qemu-vmfork/qemu-5.2.0/roms/qboot: meson.build
Only in ../../tools/qemu-vmfork/qemu-5.2.0/roms/qboot: mptable.c
Only in ../../tools/qemu-vmfork/qemu-5.2.0/roms/qboot: pci.c
Only in ../../tools/qemu-vmfork/qemu-5.2.0/roms/qboot: printf.c
Only in ../../tools/qemu-vmfork/qemu-5.2.0/roms/qboot: README
Only in ../../tools/qemu-vmfork/qemu-5.2.0/roms/qboot: smbios.c
Only in ../../tools/qemu-vmfork/qemu-5.2.0/roms/qboot: string.c
Only in ../../tools/qemu-vmfork/qemu-5.2.0/roms/qboot: tables.c
Only in ../../tools/qemu-vmfork/qemu-5.2.0/roms/QemuMacDrivers: builds
Only in ../../tools/qemu-vmfork/qemu-5.2.0/roms/QemuMacDrivers: cleanup.sh
Only in ../../tools/qemu-vmfork/qemu-5.2.0/roms/QemuMacDrivers: COPYING
Only in ../../tools/qemu-vmfork/qemu-5.2.0/roms/QemuMacDrivers: QemuVGADriver
Only in ../../tools/qemu-vmfork/qemu-5.2.0/roms/QemuMacDrivers: shared
Only in ../../tools/qemu-vmfork/qemu-5.2.0/roms/qemu-palcode: console.c
Only in ../../tools/qemu-vmfork/qemu-5.2.0/roms/qemu-palcode: console.h
Only in ../../tools/qemu-vmfork/qemu-5.2.0/roms/qemu-palcode: console-low.S
Only in ../../tools/qemu-vmfork/qemu-5.2.0/roms/qemu-palcode: COPYING
Only in ../../tools/qemu-vmfork/qemu-5.2.0/roms/qemu-palcode: core-cia.h
Only in ../../tools/qemu-vmfork/qemu-5.2.0/roms/qemu-palcode: core-typhoon.h
Only in ../../tools/qemu-vmfork/qemu-5.2.0/roms/qemu-palcode: crb.c
Only in ../../tools/qemu-vmfork/qemu-5.2.0/roms/qemu-palcode: .gitignore
Only in ../../tools/qemu-vmfork/qemu-5.2.0/roms/qemu-palcode: HEADER
Only in ../../tools/qemu-vmfork/qemu-5.2.0/roms/qemu-palcode: hwrpb.h
Only in ../../tools/qemu-vmfork/qemu-5.2.0/roms/qemu-palcode: init.c
Only in ../../tools/qemu-vmfork/qemu-5.2.0/roms/qemu-palcode: ioport.h
Only in ../../tools/qemu-vmfork/qemu-5.2.0/roms/qemu-palcode: Makefile
Only in ../../tools/qemu-vmfork/qemu-5.2.0/roms/qemu-palcode: memcpy.c
Only in ../../tools/qemu-vmfork/qemu-5.2.0/roms/qemu-palcode: memset.c
Only in ../../tools/qemu-vmfork/qemu-5.2.0/roms/qemu-palcode: osf.h
Only in ../../tools/qemu-vmfork/qemu-5.2.0/roms/qemu-palcode: palcode.ld
Only in ../../tools/qemu-vmfork/qemu-5.2.0/roms/qemu-palcode: pal.h
Only in ../../tools/qemu-vmfork/qemu-5.2.0/roms/qemu-palcode: pal.S
Only in ../../tools/qemu-vmfork/qemu-5.2.0/roms/qemu-palcode: pci.c
Only in ../../tools/qemu-vmfork/qemu-5.2.0/roms/qemu-palcode: pci.h
Only in ../../tools/qemu-vmfork/qemu-5.2.0/roms/qemu-palcode: pci_ids.h
Only in ../../tools/qemu-vmfork/qemu-5.2.0/roms/qemu-palcode: pci_regs.h
Only in ../../tools/qemu-vmfork/qemu-5.2.0/roms/qemu-palcode: printf.c
Only in ../../tools/qemu-vmfork/qemu-5.2.0/roms/qemu-palcode: protos.h
Only in ../../tools/qemu-vmfork/qemu-5.2.0/roms/qemu-palcode: ps2port.c
Only in ../../tools/qemu-vmfork/qemu-5.2.0/roms/qemu-palcode: ps2port.h
Only in ../../tools/qemu-vmfork/qemu-5.2.0/roms/qemu-palcode: strlen.S
Only in ../../tools/qemu-vmfork/qemu-5.2.0/roms/qemu-palcode: sys-clipper.h
Only in ../../tools/qemu-vmfork/qemu-5.2.0/roms/qemu-palcode: sys-clipper.S
Only in ../../tools/qemu-vmfork/qemu-5.2.0/roms/qemu-palcode: sys-sx164.h
Only in ../../tools/qemu-vmfork/qemu-5.2.0/roms/qemu-palcode: uart.c
Only in ../../tools/qemu-vmfork/qemu-5.2.0/roms/qemu-palcode: uart.h
Only in ../../tools/qemu-vmfork/qemu-5.2.0/roms/qemu-palcode: util.c
Only in ../../tools/qemu-vmfork/qemu-5.2.0/roms/qemu-palcode: vgafonts.c
Only in ../../tools/qemu-vmfork/qemu-5.2.0/roms/qemu-palcode: vgaio.c
Only in ../../tools/qemu-vmfork/qemu-5.2.0/roms/qemu-palcode: vgatables.c
Only in ../../tools/qemu-vmfork/qemu-5.2.0/roms/qemu-palcode: vgatables.h
Only in ../../tools/qemu-vmfork/qemu-5.2.0/roms/seabios: COPYING
Only in ../../tools/qemu-vmfork/qemu-5.2.0/roms/seabios: COPYING.LESSER
Only in ../../tools/qemu-vmfork/qemu-5.2.0/roms/seabios: docs
Only in ../../tools/qemu-vmfork/qemu-5.2.0/roms/seabios: .gitignore
Only in ../../tools/qemu-vmfork/qemu-5.2.0/roms/seabios: Makefile
Only in ../../tools/qemu-vmfork/qemu-5.2.0/roms/seabios: README
Only in ../../tools/qemu-vmfork/qemu-5.2.0/roms/seabios: scripts
Only in ../../tools/qemu-vmfork/qemu-5.2.0/roms/seabios: src
Only in ../../tools/qemu-vmfork/qemu-5.2.0/roms/seabios: .version
Only in ../../tools/qemu-vmfork/qemu-5.2.0/roms/seabios: vgasrc
Only in ../../tools/qemu-vmfork/qemu-5.2.0/roms/seabios-hppa: COPYING
Only in ../../tools/qemu-vmfork/qemu-5.2.0/roms/seabios-hppa: COPYING.LESSER
Only in ../../tools/qemu-vmfork/qemu-5.2.0/roms/seabios-hppa: docs
Only in ../../tools/qemu-vmfork/qemu-5.2.0/roms/seabios-hppa: .gitignore
Only in ../../tools/qemu-vmfork/qemu-5.2.0/roms/seabios-hppa: Makefile
Only in ../../tools/qemu-vmfork/qemu-5.2.0/roms/seabios-hppa: Makefile.parisc
Only in ../../tools/qemu-vmfork/qemu-5.2.0/roms/seabios-hppa: README
Only in ../../tools/qemu-vmfork/qemu-5.2.0/roms/seabios-hppa: scripts
Only in ../../tools/qemu-vmfork/qemu-5.2.0/roms/seabios-hppa: src
Only in ../../tools/qemu-vmfork/qemu-5.2.0/roms/seabios-hppa: vgasrc
Only in ../../tools/qemu-vmfork/qemu-5.2.0/roms/sgabios: COPYING
Only in ../../tools/qemu-vmfork/qemu-5.2.0/roms/sgabios: csum8.c
Only in ../../tools/qemu-vmfork/qemu-5.2.0/roms/sgabios: design.txt
Only in ../../tools/qemu-vmfork/qemu-5.2.0/roms/sgabios: Makefile
Only in ../../tools/qemu-vmfork/qemu-5.2.0/roms/sgabios: rom16.ld
Only in ../../tools/qemu-vmfork/qemu-5.2.0/roms/sgabios: sgabios.h
Only in ../../tools/qemu-vmfork/qemu-5.2.0/roms/sgabios: sgabios.S
Only in ../../tools/qemu-vmfork/qemu-5.2.0/roms/skiboot: asm
Only in ../../tools/qemu-vmfork/qemu-5.2.0/roms/skiboot: ccan
Only in ../../tools/qemu-vmfork/qemu-5.2.0/roms/skiboot: CONTRIBUTING.md
Only in ../../tools/qemu-vmfork/qemu-5.2.0/roms/skiboot: core
Only in ../../tools/qemu-vmfork/qemu-5.2.0/roms/skiboot: coverity-model.c
Only in ../../tools/qemu-vmfork/qemu-5.2.0/roms/skiboot: doc
Only in ../../tools/qemu-vmfork/qemu-5.2.0/roms/skiboot: external
Only in ../../tools/qemu-vmfork/qemu-5.2.0/roms/skiboot: extract-gcov.c
Only in ../../tools/qemu-vmfork/qemu-5.2.0/roms/skiboot: .github
Only in ../../tools/qemu-vmfork/qemu-5.2.0/roms/skiboot: .gitignore
Only in ../../tools/qemu-vmfork/qemu-5.2.0/roms/skiboot: hdata
Only in ../../tools/qemu-vmfork/qemu-5.2.0/roms/skiboot: hw
Only in ../../tools/qemu-vmfork/qemu-5.2.0/roms/skiboot: include
Only in ../../tools/qemu-vmfork/qemu-5.2.0/roms/skiboot: libc
Only in ../../tools/qemu-vmfork/qemu-5.2.0/roms/skiboot: libfdt
Only in ../../tools/qemu-vmfork/qemu-5.2.0/roms/skiboot: libflash
Only in ../../tools/qemu-vmfork/qemu-5.2.0/roms/skiboot: libpore
Only in ../../tools/qemu-vmfork/qemu-5.2.0/roms/skiboot: libstb
Only in ../../tools/qemu-vmfork/qemu-5.2.0/roms/skiboot: libxz
Only in ../../tools/qemu-vmfork/qemu-5.2.0/roms/skiboot: LICENCE
Only in ../../tools/qemu-vmfork/qemu-5.2.0/roms/skiboot: Makefile
Only in ../../tools/qemu-vmfork/qemu-5.2.0/roms/skiboot: Makefile.main
Only in ../../tools/qemu-vmfork/qemu-5.2.0/roms/skiboot: Makefile.rules
Only in ../../tools/qemu-vmfork/qemu-5.2.0/roms/skiboot: make_offsets.sh
Only in ../../tools/qemu-vmfork/qemu-5.2.0/roms/skiboot: make_version.sh
Only in ../../tools/qemu-vmfork/qemu-5.2.0/roms/skiboot: opal-ci
Only in ../../tools/qemu-vmfork/qemu-5.2.0/roms/skiboot: platforms
Only in ../../tools/qemu-vmfork/qemu-5.2.0/roms/skiboot: README.md
Only in ../../tools/qemu-vmfork/qemu-5.2.0/roms/skiboot: skiboot.lds.S
Only in ../../tools/qemu-vmfork/qemu-5.2.0/roms/skiboot: skiboot.spec
Only in ../../tools/qemu-vmfork/qemu-5.2.0/roms/skiboot: test
Only in ../../tools/qemu-vmfork/qemu-5.2.0/roms/skiboot: .travis.yml
Only in ../../tools/qemu-vmfork/qemu-5.2.0/roms/SLOF: board-js2x
Only in ../../tools/qemu-vmfork/qemu-5.2.0/roms/SLOF: board-qemu
Only in ../../tools/qemu-vmfork/qemu-5.2.0/roms/SLOF: clients
Only in ../../tools/qemu-vmfork/qemu-5.2.0/roms/SLOF: FlashingSLOF.pdf
Only in ../../tools/qemu-vmfork/qemu-5.2.0/roms/SLOF: .gitignore
Only in ../../tools/qemu-vmfork/qemu-5.2.0/roms/SLOF: include
Only in ../../tools/qemu-vmfork/qemu-5.2.0/roms/SLOF: INSTALL
Only in ../../tools/qemu-vmfork/qemu-5.2.0/roms/SLOF: lib
Only in ../../tools/qemu-vmfork/qemu-5.2.0/roms/SLOF: LICENSE
Only in ../../tools/qemu-vmfork/qemu-5.2.0/roms/SLOF: llfw
Only in ../../tools/qemu-vmfork/qemu-5.2.0/roms/SLOF: Makefile
Only in ../../tools/qemu-vmfork/qemu-5.2.0/roms/SLOF: Makefile.gen
Only in ../../tools/qemu-vmfork/qemu-5.2.0/roms/SLOF: make.rules
Only in ../../tools/qemu-vmfork/qemu-5.2.0/roms/SLOF: other-licence
Only in ../../tools/qemu-vmfork/qemu-5.2.0/roms/SLOF: README
Only in ../../tools/qemu-vmfork/qemu-5.2.0/roms/SLOF: romfs
Only in ../../tools/qemu-vmfork/qemu-5.2.0/roms/SLOF: rtas
Only in ../../tools/qemu-vmfork/qemu-5.2.0/roms/SLOF: slof
Only in ../../tools/qemu-vmfork/qemu-5.2.0/roms/SLOF: tools
Only in ../../tools/qemu-vmfork/qemu-5.2.0/roms/SLOF: VERSION
Only in ../../tools/qemu-vmfork/qemu-5.2.0/roms/u-boot: api
Only in ../../tools/qemu-vmfork/qemu-5.2.0/roms/u-boot: arch
Only in ../../tools/qemu-vmfork/qemu-5.2.0/roms/u-boot: board
Only in ../../tools/qemu-vmfork/qemu-5.2.0/roms/u-boot: cmd
Only in ../../tools/qemu-vmfork/qemu-5.2.0/roms/u-boot: common
Only in ../../tools/qemu-vmfork/qemu-5.2.0/roms/u-boot: config.mk
Only in ../../tools/qemu-vmfork/qemu-5.2.0/roms/u-boot: configs
Only in ../../tools/qemu-vmfork/qemu-5.2.0/roms/u-boot: disk
Only in ../../tools/qemu-vmfork/qemu-5.2.0/roms/u-boot: doc
Only in ../../tools/qemu-vmfork/qemu-5.2.0/roms/u-boot: Documentation
Only in ../../tools/qemu-vmfork/qemu-5.2.0/roms/u-boot: drivers
Only in ../../tools/qemu-vmfork/qemu-5.2.0/roms/u-boot: dts
Only in ../../tools/qemu-vmfork/qemu-5.2.0/roms/u-boot: env
Only in ../../tools/qemu-vmfork/qemu-5.2.0/roms/u-boot: examples
Only in ../../tools/qemu-vmfork/qemu-5.2.0/roms/u-boot: fs
Only in ../../tools/qemu-vmfork/qemu-5.2.0/roms/u-boot: .gitignore
Only in ../../tools/qemu-vmfork/qemu-5.2.0/roms/u-boot: include
Only in ../../tools/qemu-vmfork/qemu-5.2.0/roms/u-boot: Kbuild
Only in ../../tools/qemu-vmfork/qemu-5.2.0/roms/u-boot: Kconfig
Only in ../../tools/qemu-vmfork/qemu-5.2.0/roms/u-boot: lib
Only in ../../tools/qemu-vmfork/qemu-5.2.0/roms/u-boot: Licenses
Only in ../../tools/qemu-vmfork/qemu-5.2.0/roms/u-boot: .mailmap
Only in ../../tools/qemu-vmfork/qemu-5.2.0/roms/u-boot: MAINTAINERS
Only in ../../tools/qemu-vmfork/qemu-5.2.0/roms/u-boot: Makefile
Only in ../../tools/qemu-vmfork/qemu-5.2.0/roms/u-boot: net
Only in ../../tools/qemu-vmfork/qemu-5.2.0/roms/u-boot: post
Only in ../../tools/qemu-vmfork/qemu-5.2.0/roms/u-boot: README
Only in ../../tools/qemu-vmfork/qemu-5.2.0/roms/u-boot: scripts
Only in ../../tools/qemu-vmfork/qemu-5.2.0/roms/u-boot: test
Only in ../../tools/qemu-vmfork/qemu-5.2.0/roms/u-boot: tools
Only in ../../tools/qemu-vmfork/qemu-5.2.0/roms/u-boot-sam460ex: api
Only in ../../tools/qemu-vmfork/qemu-5.2.0/roms/u-boot-sam460ex: arch
Only in ../../tools/qemu-vmfork/qemu-5.2.0/roms/u-boot-sam460ex: board
Only in ../../tools/qemu-vmfork/qemu-5.2.0/roms/u-boot-sam460ex: CHANGELOG
Only in ../../tools/qemu-vmfork/qemu-5.2.0/roms/u-boot-sam460ex: CHANGELOG-before-U-Boot-1.1.5
Only in ../../tools/qemu-vmfork/qemu-5.2.0/roms/u-boot-sam460ex: common
Only in ../../tools/qemu-vmfork/qemu-5.2.0/roms/u-boot-sam460ex: config.mk
Only in ../../tools/qemu-vmfork/qemu-5.2.0/roms/u-boot-sam460ex: COPYING
Only in ../../tools/qemu-vmfork/qemu-5.2.0/roms/u-boot-sam460ex: CREDITS
Only in ../../tools/qemu-vmfork/qemu-5.2.0/roms/u-boot-sam460ex: disk
Only in ../../tools/qemu-vmfork/qemu-5.2.0/roms/u-boot-sam460ex: doc
Only in ../../tools/qemu-vmfork/qemu-5.2.0/roms/u-boot-sam460ex: drivers
Only in ../../tools/qemu-vmfork/qemu-5.2.0/roms/u-boot-sam460ex: examples
Only in ../../tools/qemu-vmfork/qemu-5.2.0/roms/u-boot-sam460ex: fs
Only in ../../tools/qemu-vmfork/qemu-5.2.0/roms/u-boot-sam460ex: .gitignore
Only in ../../tools/qemu-vmfork/qemu-5.2.0/roms/u-boot-sam460ex: include
Only in ../../tools/qemu-vmfork/qemu-5.2.0/roms/u-boot-sam460ex: lib
Only in ../../tools/qemu-vmfork/qemu-5.2.0/roms/u-boot-sam460ex: MAINTAINERS
Only in ../../tools/qemu-vmfork/qemu-5.2.0/roms/u-boot-sam460ex: MAKEALL
Only in ../../tools/qemu-vmfork/qemu-5.2.0/roms/u-boot-sam460ex: Makefile
Only in ../../tools/qemu-vmfork/qemu-5.2.0/roms/u-boot-sam460ex: mkconfig
Only in ../../tools/qemu-vmfork/qemu-5.2.0/roms/u-boot-sam460ex: nand_spl
Only in ../../tools/qemu-vmfork/qemu-5.2.0/roms/u-boot-sam460ex: net
Only in ../../tools/qemu-vmfork/qemu-5.2.0/roms/u-boot-sam460ex: onenand_ipl
Only in ../../tools/qemu-vmfork/qemu-5.2.0/roms/u-boot-sam460ex: post
Only in ../../tools/qemu-vmfork/qemu-5.2.0/roms/u-boot-sam460ex: README
Only in ../../tools/qemu-vmfork/qemu-5.2.0/roms/u-boot-sam460ex: README.u-boot
Only in ../../tools/qemu-vmfork/qemu-5.2.0/roms/u-boot-sam460ex: rules.mk
Only in ../../tools/qemu-vmfork/qemu-5.2.0/roms/u-boot-sam460ex: tools
Only in ../../tools/qemu-vmfork/qemu-5.2.0/roms/vbootrom: bootrom.ld
Only in ../../tools/qemu-vmfork/qemu-5.2.0/roms/vbootrom: CONTRIBUTING.md
Only in ../../tools/qemu-vmfork/qemu-5.2.0/roms/vbootrom: .gitignore
Only in ../../tools/qemu-vmfork/qemu-5.2.0/roms/vbootrom: image.c
Only in ../../tools/qemu-vmfork/qemu-5.2.0/roms/vbootrom: LICENSE
Only in ../../tools/qemu-vmfork/qemu-5.2.0/roms/vbootrom: Makefile
Only in ../../tools/qemu-vmfork/qemu-5.2.0/roms/vbootrom: README.md
Only in ../../tools/qemu-vmfork/qemu-5.2.0/roms/vbootrom: start.S
Only in .: sanitize_diff.py
Only in ../../tools/qemu-vmfork/qemu-5.2.0/: savevm_notes.md
Only in .: show_diff.sh
Only in ../../tools/qemu-vmfork/qemu-5.2.0/: simple.log
Only in ./slirp: .git
Only in ../../tools/qemu-vmfork/qemu-5.2.0/softmmu: memory.c.orig
Only in ../../tools/qemu-vmfork/qemu-5.2.0/softmmu: physmem.c.orig
Only in ../../tools/qemu-vmfork/qemu-5.2.0/: test123.diff
Only in ./tests/fp/berkeley-softfloat-3: .git
Only in ./tests/fp/berkeley-testfloat-3: .git
Only in ../../tools/qemu-vmfork/qemu-5.2.0/tools: meson.build.orig
Only in ../../tools/qemu-vmfork/qemu-5.2.0/tools: meson.build.rej
Only in ../../tools/qemu-vmfork/qemu-5.2.0/tools/virtiofsd: passthrough_ll.c.orig
Only in ../../tools/qemu-vmfork/qemu-5.2.0/tools/virtiofsd: passthrough_ll.c.rej
Only in ../../tools/qemu-vmfork/qemu-5.2.0/tools/virtiofsd: passthrough_seccomp.c.orig
Only in ../../tools/qemu-vmfork/qemu-5.2.0/: trace-18412
Only in ../../tools/qemu-vmfork/qemu-5.2.0/: trace-18722
Only in ../../tools/qemu-vmfork/qemu-5.2.0/: trace-18885
Only in ../../tools/qemu-vmfork/qemu-5.2.0/: trace-19257
Only in ../../tools/qemu-vmfork/qemu-5.2.0/: trace-19689
Only in ../../tools/qemu-vmfork/qemu-5.2.0/: trace-20558
Only in ../../tools/qemu-vmfork/qemu-5.2.0/: trace-20838
Only in ../../tools/qemu-vmfork/qemu-5.2.0/: trace-cmd10.log
Only in ./ui/keycodemapdb: .git
Only in ../../tools/qemu-vmfork/qemu-5.2.0/: Untitled Folder
Only in ../../tools/qemu-vmfork/qemu-5.2.0/: vm.logexitls
Only in ../../tools/qemu-vmfork/qemu-5.2.0/: vm.logexits
Only in ../../tools/qemu-vmfork/qemu-5.2.0/: vssup.txt
