FlatView #0
 AS "memory", root: system
 AS "cpu-memory-0", root: system
 AS "e1000", root: bus master container
 AS "piix3-ide", root: bus master container
 Root memory region: system
  0000000000000000-000000000009ffff (prio 0, ram): pc.ram owner:{obj path=/objects/pc.ram} KVM
  00000000000a0000-00000000000bffff (prio 1, i/o): vga-lowmem owner:{dev path=/machine/unattached/device[7]}
  00000000000c0000-00000000000cafff (prio 0, rom): pc.ram @00000000000c0000 owner:{obj path=/objects/pc.ram} KVM
  00000000000cb000-00000000000cdfff (prio 0, ram): pc.ram @00000000000cb000 owner:{obj path=/objects/pc.ram} KVM
  00000000000ce000-00000000000e7fff (prio 0, rom): pc.ram @00000000000ce000 owner:{obj path=/objects/pc.ram} KVM
  00000000000e8000-00000000000effff (prio 0, ram): pc.ram @00000000000e8000 owner:{obj path=/objects/pc.ram} KVM
  00000000000f0000-00000000000fffff (prio 0, rom): pc.ram @00000000000f0000 owner:{obj path=/objects/pc.ram} KVM
  0000000000100000-000000003fffffff (prio 0, ram): pc.ram @0000000000100000 owner:{obj path=/objects/pc.ram} KVM
  00000000fd000000-00000000fdffffff (prio 1, ram): vga.vram owner:{dev path=/machine/unattached/device[7]} KVM
  00000000febc0000-00000000febdffff (prio 1, i/o): e1000-mmio owner:{dev path=/machine/unattached/device[22]}
  00000000febf0000-00000000febf00ff (prio 0, i/o): edid owner:{dev path=/machine/unattached/device[7]}
  00000000febf0100-00000000febf03ff (prio 1, i/o): vga.mmio @0000000000000100 owner:{dev path=/machine/unattached/device[7]}
  00000000febf0400-00000000febf041f (prio 0, i/o): vga ioports remapped owner:{dev path=/machine/unattached/device[7]}
  00000000febf0420-00000000febf04ff (prio 1, i/o): vga.mmio @0000000000000420 owner:{dev path=/machine/unattached/device[7]}
  00000000febf0500-00000000febf0515 (prio 0, i/o): bochs dispi interface owner:{dev path=/machine/unattached/device[7]}
  00000000febf0516-00000000febf05ff (prio 1, i/o): vga.mmio @0000000000000516 owner:{dev path=/machine/unattached/device[7]}
  00000000febf0600-00000000febf0607 (prio 0, i/o): qemu extended regs owner:{dev path=/machine/unattached/device[7]}
  00000000febf0608-00000000febf0fff (prio 1, i/o): vga.mmio @0000000000000608 owner:{dev path=/machine/unattached/device[7]}
  00000000fec00000-00000000fec00fff (prio 0, i/o): kvm-ioapic owner:{dev path=/machine/i440fx/ioapic}
  00000000fed00000-00000000fed003ff (prio 0, i/o): hpet owner:{dev path=/machine/unattached/device[8]}
  00000000fee00000-00000000feefffff (prio 4096, i/o): kvm-apic-msi owner:{dev path=/machine/unattached/device[0]/lapic}
  00000000fffc0000-00000000ffffffff (prio 0, rom): pc.bios parent:{obj path=/machine/unattached} KVM
  Dispatch
    Physical sections
      #0 @0000000000000000..ffffffffffffffff (noname) [unassigned]
      #1 @0000000000000000..000000003fffffff pc.ram [not dirty]
      #2 @00000000000a0000..00000000000bffff vga-lowmem [ROM]
      #3 @00000000000c0000..00000000400bffff pc.ram [watch]
      #4 @00000000000cb000..00000000400cafff pc.ram
      #5 @00000000000ce000..00000000400cdfff pc.ram
      #6 @00000000000e8000..00000000400e7fff pc.ram
      #7 @00000000000f0000..00000000400effff pc.ram
      #8 @0000000000100000..00000000400fffff pc.ram
      #9 @00000000fd000000..00000000fdffffff vga.vram
      #10 @00000000febc0000..00000000febdffff e1000-mmio
      #11 @00000000febf0000..00000000febf0fff (noname)
      #12 @00000000febf0000..00000000febf00ff edid
      #13 @00000000febf0100..00000000febf10ff vga.mmio
      #14 @00000000febf0400..00000000febf041f vga ioports remapped
      #15 @00000000febf0420..00000000febf141f vga.mmio
      #16 @00000000febf0500..00000000febf0515 bochs dispi interface
      #17 @00000000febf0516..00000000febf1515 vga.mmio
      #18 @00000000febf0600..00000000febf0607 qemu extended regs
      #19 @00000000febf0608..00000000febf1607 vga.mmio
      #20 @00000000fec00000..00000000fec00fff kvm-ioapic
      #21 @00000000fed00000..00000000fed00fff (noname)
      #22 @00000000fed00000..00000000fed003ff hpet
      #23 @00000000fee00000..00000000feefffff kvm-apic-msi
      #24 @00000000fffc0000..00000000ffffffff pc.bios
    Nodes (9 bits per level, 6 levels) ptr=[3] skip=4
      [0]
	  0       skip=3  ptr=[3]
	  1..511  skip=1  ptr=NIL
      [1]
	  0       skip=2  ptr=[3]
	  1..511  skip=1  ptr=NIL
      [2]
	  0       skip=1  ptr=[3]
	  1..511  skip=1  ptr=NIL
      [3]
	  0       skip=1  ptr=[4]
	  1..2    skip=1  ptr=NIL
	  3       skip=1  ptr=[6]
	  4..511  skip=1  ptr=NIL
      [4]
	  0       skip=1  ptr=[5]
	  1..511  skip=0  ptr=#8
      [5]
	  0..159  skip=0  ptr=#1
	160..191  skip=0  ptr=#2
	192..202  skip=0  ptr=#3
	203..205  skip=0  ptr=#4
	206..231  skip=0  ptr=#5
	232..239  skip=0  ptr=#6
	240..255  skip=0  ptr=#7
	256..511  skip=0  ptr=#8
      [6]
	  0..487  skip=1  ptr=NIL
	488..495  skip=0  ptr=#9
	496..500  skip=1  ptr=NIL
	501       skip=1  ptr=[7]
	502       skip=1  ptr=[8]
	503       skip=1  ptr=[9]
	504..510  skip=1  ptr=NIL
	511       skip=1  ptr=[10]
      [7]
	  0..447  skip=0  ptr=#0
	448..479  skip=0  ptr=#10
	480..495  skip=0  ptr=#0
	496       skip=0  ptr=#11
	497..511  skip=0  ptr=#0
      [8]
	  0       skip=0  ptr=#20
	  1..255  skip=0  ptr=#0
	256       skip=0  ptr=#21
	257..511  skip=0  ptr=#0
      [9]
	  0..255  skip=0  ptr=#23
	256..511  skip=0  ptr=#0
      [10]
	  0..447  skip=0  ptr=#0
	448..511  skip=0  ptr=#24

FlatView #1
 AS "i440FX", root: bus master container
 AS "PIIX3", root: bus master container
 AS "VGA", root: bus master container
 AS "PIIX4_PM", root: bus master container
 Root memory region: (none)
  No rendered FlatView

FlatView #2
 AS "KVM-SMRAM", root: mem-container-smram
 Root memory region: mem-container-smram
  0000000000000000-00000000000bffff (prio 0, ram): pc.ram owner:{obj path=/objects/pc.ram} KVM
  00000000000c0000-00000000000cafff (prio 0, rom): pc.ram @00000000000c0000 owner:{obj path=/objects/pc.ram} KVM
  00000000000cb000-00000000000cdfff (prio 0, ram): pc.ram @00000000000cb000 owner:{obj path=/objects/pc.ram} KVM
  00000000000ce000-00000000000e7fff (prio 0, rom): pc.ram @00000000000ce000 owner:{obj path=/objects/pc.ram} KVM
  00000000000e8000-00000000000effff (prio 0, ram): pc.ram @00000000000e8000 owner:{obj path=/objects/pc.ram} KVM
  00000000000f0000-00000000000fffff (prio 0, rom): pc.ram @00000000000f0000 owner:{obj path=/objects/pc.ram} KVM
  0000000000100000-000000003fffffff (prio 0, ram): pc.ram @0000000000100000 owner:{obj path=/objects/pc.ram} KVM
  00000000fd000000-00000000fdffffff (prio 1, ram): vga.vram owner:{dev path=/machine/unattached/device[7]} KVM
  00000000febc0000-00000000febdffff (prio 1, i/o): e1000-mmio owner:{dev path=/machine/unattached/device[22]}
  00000000febf0000-00000000febf00ff (prio 0, i/o): edid owner:{dev path=/machine/unattached/device[7]}
  00000000febf0100-00000000febf03ff (prio 1, i/o): vga.mmio @0000000000000100 owner:{dev path=/machine/unattached/device[7]}
  00000000febf0400-00000000febf041f (prio 0, i/o): vga ioports remapped owner:{dev path=/machine/unattached/device[7]}
  00000000febf0420-00000000febf04ff (prio 1, i/o): vga.mmio @0000000000000420 owner:{dev path=/machine/unattached/device[7]}
  00000000febf0500-00000000febf0515 (prio 0, i/o): bochs dispi interface owner:{dev path=/machine/unattached/device[7]}
  00000000febf0516-00000000febf05ff (prio 1, i/o): vga.mmio @0000000000000516 owner:{dev path=/machine/unattached/device[7]}
  00000000febf0600-00000000febf0607 (prio 0, i/o): qemu extended regs owner:{dev path=/machine/unattached/device[7]}
  00000000febf0608-00000000febf0fff (prio 1, i/o): vga.mmio @0000000000000608 owner:{dev path=/machine/unattached/device[7]}
  00000000fec00000-00000000fec00fff (prio 0, i/o): kvm-ioapic owner:{dev path=/machine/i440fx/ioapic}
  00000000fed00000-00000000fed003ff (prio 0, i/o): hpet owner:{dev path=/machine/unattached/device[8]}
  00000000fee00000-00000000feefffff (prio 4096, i/o): kvm-apic-msi owner:{dev path=/machine/unattached/device[0]/lapic}
  00000000fffc0000-00000000ffffffff (prio 0, rom): pc.bios parent:{obj path=/machine/unattached} KVM
  Dispatch
    Physical sections
      #0 @0000000000000000..ffffffffffffffff (noname) [unassigned]
      #1 @0000000000000000..000000003fffffff pc.ram [not dirty]
      #2 @00000000000c0000..00000000400bffff pc.ram [ROM]
      #3 @00000000000cb000..00000000400cafff pc.ram [watch]
      #4 @00000000000ce000..00000000400cdfff pc.ram
      #5 @00000000000e8000..00000000400e7fff pc.ram
      #6 @00000000000f0000..00000000400effff pc.ram
      #7 @0000000000100000..00000000400fffff pc.ram
      #8 @00000000fd000000..00000000fdffffff vga.vram
      #9 @00000000febc0000..00000000febdffff e1000-mmio
      #10 @00000000febf0000..00000000febf0fff (noname)
      #11 @00000000febf0000..00000000febf00ff edid
      #12 @00000000febf0100..00000000febf10ff vga.mmio
      #13 @00000000febf0400..00000000febf041f vga ioports remapped
      #14 @00000000febf0420..00000000febf141f vga.mmio
      #15 @00000000febf0500..00000000febf0515 bochs dispi interface
      #16 @00000000febf0516..00000000febf1515 vga.mmio
      #17 @00000000febf0600..00000000febf0607 qemu extended regs
      #18 @00000000febf0608..00000000febf1607 vga.mmio
      #19 @00000000fec00000..00000000fec00fff kvm-ioapic
      #20 @00000000fed00000..00000000fed00fff (noname)
      #21 @00000000fed00000..00000000fed003ff hpet
      #22 @00000000fee00000..00000000feefffff kvm-apic-msi
      #23 @00000000fffc0000..00000000ffffffff pc.bios
    Nodes (9 bits per level, 6 levels) ptr=[3] skip=4
      [0]
	  0       skip=3  ptr=[3]
	  1..511  skip=1  ptr=NIL
      [1]
	  0       skip=2  ptr=[3]
	  1..511  skip=1  ptr=NIL
      [2]
	  0       skip=1  ptr=[3]
	  1..511  skip=1  ptr=NIL
      [3]
	  0       skip=1  ptr=[4]
	  1..2    skip=1  ptr=NIL
	  3       skip=1  ptr=[6]
	  4..511  skip=1  ptr=NIL
      [4]
	  0       skip=1  ptr=[5]
	  1..511  skip=0  ptr=#7
      [5]
	  0..191  skip=0  ptr=#1
	192..202  skip=0  ptr=#2
	203..205  skip=0  ptr=#3
	206..231  skip=0  ptr=#4
	232..239  skip=0  ptr=#5
	240..255  skip=0  ptr=#6
	256..511  skip=0  ptr=#7
      [6]
	  0..487  skip=1  ptr=NIL
	488..495  skip=0  ptr=#8
	496..500  skip=1  ptr=NIL
	501       skip=1  ptr=[7]
	502       skip=1  ptr=[8]
	503       skip=1  ptr=[9]
	504..510  skip=1  ptr=NIL
	511       skip=1  ptr=[10]
      [7]
	  0..447  skip=0  ptr=#0
	448..479  skip=0  ptr=#9
	480..495  skip=0  ptr=#0
	496       skip=0  ptr=#10
	497..511  skip=0  ptr=#0
      [8]
	  0       skip=0  ptr=#19
	  1..255  skip=0  ptr=#0
	256       skip=0  ptr=#20
	257..511  skip=0  ptr=#0
      [9]
	  0..255  skip=0  ptr=#22
	256..511  skip=0  ptr=#0
      [10]
	  0..447  skip=0  ptr=#0
	448..511  skip=0  ptr=#23

FlatView #3
 AS "I/O", root: io
 Root memory region: io
  0000000000000000-0000000000000007 (prio 0, i/o): dma-chan owner:{dev path=/machine/unattached/device[12]}
  0000000000000008-000000000000000f (prio 0, i/o): dma-cont owner:{dev path=/machine/unattached/device[12]}
  0000000000000010-000000000000001f (prio 0, i/o): io @0000000000000010 parent:{obj path=/machine/unattached}
  0000000000000020-0000000000000021 (prio 0, i/o): kvm-pic owner:{dev path=/machine/unattached/device[5]}
  0000000000000022-000000000000003f (prio 0, i/o): io @0000000000000022 parent:{obj path=/machine/unattached}
  0000000000000040-0000000000000043 (prio 0, i/o): kvm-pit owner:{dev path=/machine/unattached/device[10]}
  0000000000000044-000000000000005f (prio 0, i/o): io @0000000000000044 parent:{obj path=/machine/unattached}
  0000000000000060-0000000000000060 (prio 0, i/o): i8042-data owner:{dev path=/machine/unattached/device[18]}
  0000000000000061-0000000000000061 (prio 0, i/o): pcspk owner:{dev path=/machine/unattached/device[11]}
  0000000000000062-0000000000000063 (prio 0, i/o): io @0000000000000062 parent:{obj path=/machine/unattached}
  0000000000000064-0000000000000064 (prio 0, i/o): i8042-cmd owner:{dev path=/machine/unattached/device[18]}
  0000000000000065-000000000000006f (prio 0, i/o): io @0000000000000065 parent:{obj path=/machine/unattached}
  0000000000000070-0000000000000070 (prio 0, i/o): rtc-index owner:{dev path=/machine/unattached/device[9]}
  0000000000000071-0000000000000071 (prio 0, i/o): rtc @0000000000000001 owner:{dev path=/machine/unattached/device[9]}
  0000000000000072-000000000000007d (prio 0, i/o): io @0000000000000072 parent:{obj path=/machine/unattached}
  000000000000007e-000000000000007f (prio 0, i/o): kvmvapic owner:{dev path=/machine/unattached/device[1]}
  0000000000000080-0000000000000080 (prio 0, i/o): ioport80 parent:{obj path=/machine/unattached}
  0000000000000081-0000000000000083 (prio 0, i/o): dma-page owner:{dev path=/machine/unattached/device[12]}
  0000000000000084-0000000000000086 (prio 0, i/o): io @0000000000000084 parent:{obj path=/machine/unattached}
  0000000000000087-0000000000000087 (prio 0, i/o): dma-page owner:{dev path=/machine/unattached/device[12]}
  0000000000000088-0000000000000088 (prio 0, i/o): io @0000000000000088 parent:{obj path=/machine/unattached}
  0000000000000089-000000000000008b (prio 0, i/o): dma-page owner:{dev path=/machine/unattached/device[13]}
  000000000000008c-000000000000008e (prio 0, i/o): io @000000000000008c parent:{obj path=/machine/unattached}
  000000000000008f-000000000000008f (prio 0, i/o): dma-page owner:{dev path=/machine/unattached/device[13]}
  0000000000000090-0000000000000091 (prio 0, i/o): io @0000000000000090 parent:{obj path=/machine/unattached}
  0000000000000092-0000000000000092 (prio 0, i/o): port92 owner:{dev path=/machine/unattached/device[21]}
  0000000000000093-000000000000009f (prio 0, i/o): io @0000000000000093 parent:{obj path=/machine/unattached}
  00000000000000a0-00000000000000a1 (prio 0, i/o): kvm-pic owner:{dev path=/machine/unattached/device[6]}
  00000000000000a2-00000000000000b1 (prio 0, i/o): io @00000000000000a2 parent:{obj path=/machine/unattached}
  00000000000000b2-00000000000000b3 (prio 0, i/o): apm-io owner:{dev path=/machine/unattached/device[26]}
  00000000000000b4-00000000000000bf (prio 0, i/o): io @00000000000000b4 parent:{obj path=/machine/unattached}
  00000000000000c0-00000000000000cf (prio 0, i/o): dma-chan owner:{dev path=/machine/unattached/device[13]}
  00000000000000d0-00000000000000df (prio 0, i/o): dma-cont owner:{dev path=/machine/unattached/device[13]}
  00000000000000e0-00000000000000ef (prio 0, i/o): io @00000000000000e0 parent:{obj path=/machine/unattached}
  00000000000000f0-00000000000000f0 (prio 0, i/o): ioportF0 parent:{obj path=/machine/unattached}
  00000000000000f1-000000000000016f (prio 0, i/o): io @00000000000000f1 parent:{obj path=/machine/unattached}
  0000000000000170-0000000000000177 (prio 0, i/o): ide parent:{obj path=/machine/unattached}
  0000000000000178-00000000000001cd (prio 0, i/o): io @0000000000000178 parent:{obj path=/machine/unattached}
  00000000000001ce-00000000000001d1 (prio 0, i/o): vbe owner:{dev path=/machine/unattached/device[7]}
  00000000000001d2-00000000000001ef (prio 0, i/o): io @00000000000001d2 parent:{obj path=/machine/unattached}
  00000000000001f0-00000000000001f7 (prio 0, i/o): ide parent:{obj path=/machine/unattached}
  00000000000001f8-0000000000000375 (prio 0, i/o): io @00000000000001f8 parent:{obj path=/machine/unattached}
  0000000000000376-0000000000000376 (prio 0, i/o): ide parent:{obj path=/machine/unattached}
  0000000000000377-0000000000000377 (prio 0, i/o): io @0000000000000377 parent:{obj path=/machine/unattached}
  0000000000000378-000000000000037f (prio 0, i/o): parallel owner:{dev path=/machine/unattached/device[15]}
  0000000000000380-00000000000003b3 (prio 0, i/o): io @0000000000000380 parent:{obj path=/machine/unattached}
  00000000000003b4-00000000000003b5 (prio 0, i/o): vga owner:{dev path=/machine/unattached/device[7]}
  00000000000003b6-00000000000003b9 (prio 0, i/o): io @00000000000003b6 parent:{obj path=/machine/unattached}
  00000000000003ba-00000000000003ba (prio 0, i/o): vga owner:{dev path=/machine/unattached/device[7]}
  00000000000003bb-00000000000003bf (prio 0, i/o): io @00000000000003bb parent:{obj path=/machine/unattached}
  00000000000003c0-00000000000003cf (prio 0, i/o): vga owner:{dev path=/machine/unattached/device[7]}
  00000000000003d0-00000000000003d3 (prio 0, i/o): io @00000000000003d0 parent:{obj path=/machine/unattached}
  00000000000003d4-00000000000003d5 (prio 0, i/o): vga owner:{dev path=/machine/unattached/device[7]}
  00000000000003d6-00000000000003d9 (prio 0, i/o): io @00000000000003d6 parent:{obj path=/machine/unattached}
  00000000000003da-00000000000003da (prio 0, i/o): vga owner:{dev path=/machine/unattached/device[7]}
  00000000000003db-00000000000003f0 (prio 0, i/o): io @00000000000003db parent:{obj path=/machine/unattached}
  00000000000003f1-00000000000003f5 (prio 0, i/o): fdc owner:{dev path=/machine/unattached/device[16]}
  00000000000003f6-00000000000003f6 (prio 0, i/o): ide parent:{obj path=/machine/unattached}
  00000000000003f7-00000000000003f7 (prio 0, i/o): fdc owner:{dev path=/machine/unattached/device[16]}
  00000000000003f8-00000000000003ff (prio 0, i/o): serial owner:{dev path=/machine/unattached/device[14]}
  0000000000000400-00000000000004cf (prio 0, i/o): io @0000000000000400 parent:{obj path=/machine/unattached}
  00000000000004d0-00000000000004d0 (prio 0, i/o): kvm-elcr owner:{dev path=/machine/unattached/device[5]}
  00000000000004d1-00000000000004d1 (prio 0, i/o): kvm-elcr owner:{dev path=/machine/unattached/device[6]}
  00000000000004d2-000000000000050f (prio 0, i/o): io @00000000000004d2 parent:{obj path=/machine/unattached}
  0000000000000510-0000000000000511 (prio 0, i/o): fwcfg owner:{dev path=/machine/fw_cfg}
  0000000000000512-0000000000000513 (prio 0, i/o): io @0000000000000512 parent:{obj path=/machine/unattached}
  0000000000000514-000000000000051b (prio 0, i/o): fwcfg.dma owner:{dev path=/machine/fw_cfg}
  000000000000051c-00000000000005ff (prio 0, i/o): io @000000000000051c parent:{obj path=/machine/unattached}
  0000000000000600-0000000000000603 (prio 0, i/o): acpi-evt owner:{dev path=/machine/unattached/device[26]}
  0000000000000604-0000000000000605 (prio 0, i/o): acpi-cnt owner:{dev path=/machine/unattached/device[26]}
  0000000000000606-0000000000000607 (prio 0, i/o): io @0000000000000606 parent:{obj path=/machine/unattached}
  0000000000000608-000000000000060b (prio 0, i/o): acpi-tmr owner:{dev path=/machine/unattached/device[26]}
  000000000000060c-00000000000006ff (prio 0, i/o): io @000000000000060c parent:{obj path=/machine/unattached}
  0000000000000700-000000000000073f (prio 0, i/o): pm-smbus owner:{dev path=/machine/unattached/device[26]}
  0000000000000740-0000000000000cf7 (prio 0, i/o): io @0000000000000740 parent:{obj path=/machine/unattached}
  0000000000000cf8-0000000000000cf8 (prio 0, i/o): pci-conf-idx owner:{dev path=/machine/i440fx}
  0000000000000cf9-0000000000000cf9 (prio 1, i/o): piix3-reset-control owner:{dev path=/machine/unattached/device[4]}
  0000000000000cfa-0000000000000cfb (prio 0, i/o): pci-conf-idx @0000000000000002 owner:{dev path=/machine/i440fx}
  0000000000000cfc-0000000000000cff (prio 0, i/o): pci-conf-data owner:{dev path=/machine/i440fx}
  0000000000000d00-0000000000005657 (prio 0, i/o): io @0000000000000d00 parent:{obj path=/machine/unattached}
  0000000000005658-0000000000005658 (prio 0, i/o): vmport owner:{dev path=/machine/unattached/device[19]}
  0000000000005659-000000000000adff (prio 0, i/o): io @0000000000005659 parent:{obj path=/machine/unattached}
  000000000000ae00-000000000000ae13 (prio 0, i/o): acpi-pci-hotplug owner:{dev path=/machine/unattached/device[26]}
  000000000000ae14-000000000000aeff (prio 0, i/o): io @000000000000ae14 parent:{obj path=/machine/unattached}
  000000000000af00-000000000000af0b (prio 0, i/o): acpi-cpu-hotplug owner:{dev path=/machine/unattached/device[26]}
  000000000000af0c-000000000000afdf (prio 0, i/o): io @000000000000af0c parent:{obj path=/machine/unattached}
  000000000000afe0-000000000000afe3 (prio 0, i/o): acpi-gpe0 owner:{dev path=/machine/unattached/device[26]}
  000000000000afe4-000000000000bfff (prio 0, i/o): io @000000000000afe4 parent:{obj path=/machine/unattached}
  000000000000c000-000000000000c03f (prio 1, i/o): e1000-io owner:{dev path=/machine/unattached/device[22]}
  000000000000c040-000000000000c043 (prio 0, i/o): piix-bmdma owner:{dev path=/machine/unattached/device[23]}
  000000000000c044-000000000000c047 (prio 0, i/o): bmdma owner:{dev path=/machine/unattached/device[23]}
  000000000000c048-000000000000c04b (prio 0, i/o): piix-bmdma owner:{dev path=/machine/unattached/device[23]}
  000000000000c04c-000000000000c04f (prio 0, i/o): bmdma owner:{dev path=/machine/unattached/device[23]}
  000000000000c050-000000000000ffff (prio 0, i/o): io @000000000000c050 parent:{obj path=/machine/unattached}
  Dispatch
    Physical sections
      #0 @0000000000000000..ffffffffffffffff (noname) [unassigned]
      #1 @0000000000000000..0000000000000fff (noname) [not dirty]
      #2 @0000000000000000..0000000000000007 dma-chan [ROM]
      #3 @0000000000000008..000000000000000f dma-cont [watch]
      #4 @0000000000000010..000000000001000f io [ROOT]
      #5 @0000000000000020..0000000000000021 kvm-pic
      #6 @0000000000000022..0000000000010021 io [ROOT]
      #7 @0000000000000040..0000000000000043 kvm-pit
      #8 @0000000000000044..0000000000010043 io [ROOT]
      #9 @0000000000000060..0000000000000060 i8042-data
      #10 @0000000000000061..0000000000000061 pcspk
      #11 @0000000000000062..0000000000010061 io [ROOT]
      #12 @0000000000000064..0000000000000064 i8042-cmd
      #13 @0000000000000065..0000000000010064 io [ROOT]
      #14 @0000000000000070..0000000000000070 rtc-index
      #15 @0000000000000071..0000000000000072 rtc
      #16 @0000000000000072..0000000000010071 io [ROOT]
      #17 @000000000000007e..000000000000007f kvmvapic
      #18 @0000000000000080..0000000000000080 ioport80
      #19 @0000000000000081..0000000000000083 dma-page
      #20 @0000000000000084..0000000000010083 io [ROOT]
      #21 @0000000000000087..0000000000000087 dma-page
      #22 @0000000000000088..0000000000010087 io [ROOT]
      #23 @0000000000000089..000000000000008b dma-page
      #24 @000000000000008c..000000000001008b io [ROOT]
      #25 @000000000000008f..000000000000008f dma-page
      #26 @0000000000000090..000000000001008f io [ROOT]
      #27 @0000000000000092..0000000000000092 port92
      #28 @0000000000000093..0000000000010092 io [ROOT]
      #29 @00000000000000a0..00000000000000a1 kvm-pic
      #30 @00000000000000a2..00000000000100a1 io [ROOT]
      #31 @00000000000000b2..00000000000000b3 apm-io
      #32 @00000000000000b4..00000000000100b3 io [ROOT]
      #33 @00000000000000c0..00000000000000cf dma-chan
      #34 @00000000000000d0..00000000000000df dma-cont
      #35 @00000000000000e0..00000000000100df io [ROOT]
      #36 @00000000000000f0..00000000000000f0 ioportF0
      #37 @00000000000000f1..00000000000100f0 io [ROOT]
      #38 @0000000000000170..0000000000000177 ide
      #39 @0000000000000178..0000000000010177 io [ROOT]
      #40 @00000000000001ce..00000000000001d1 vbe
      #41 @00000000000001d2..00000000000101d1 io [ROOT]
      #42 @00000000000001f0..00000000000001f7 ide
      #43 @00000000000001f8..00000000000101f7 io [ROOT]
      #44 @0000000000000376..0000000000000376 ide
      #45 @0000000000000377..0000000000010376 io [ROOT]
      #46 @0000000000000378..000000000000037f parallel
      #47 @0000000000000380..000000000001037f io [ROOT]
      #48 @00000000000003b4..00000000000003b5 vga
      #49 @00000000000003b6..00000000000103b5 io [ROOT]
      #50 @00000000000003ba..00000000000003ba vga
      #51 @00000000000003bb..00000000000103ba io [ROOT]
      #52 @00000000000003c0..00000000000003cf vga
      #53 @00000000000003d0..00000000000103cf io [ROOT]
      #54 @00000000000003d4..00000000000003d5 vga
      #55 @00000000000003d6..00000000000103d5 io [ROOT]
      #56 @00000000000003da..00000000000003da vga
      #57 @00000000000003db..00000000000103da io [ROOT]
      #58 @00000000000003f1..00000000000003f5 fdc
      #59 @00000000000003f6..00000000000003f6 ide
      #60 @00000000000003f7..00000000000003f7 fdc
      #61 @00000000000003f8..00000000000003ff serial
      #62 @0000000000000400..00000000000103ff io [ROOT]
      #63 @00000000000004d0..00000000000004d0 kvm-elcr
      #64 @00000000000004d1..00000000000004d1 kvm-elcr
      #65 @00000000000004d2..00000000000104d1 io [ROOT]
      #66 @0000000000000510..0000000000000511 fwcfg
      #67 @0000000000000512..0000000000010511 io [ROOT]
      #68 @0000000000000514..000000000000051b fwcfg.dma
      #69 @000000000000051c..000000000001051b io [ROOT]
      #70 @0000000000000600..0000000000000603 acpi-evt
      #71 @0000000000000604..0000000000000605 acpi-cnt
      #72 @0000000000000606..0000000000010605 io [ROOT]
      #73 @0000000000000608..000000000000060b acpi-tmr
      #74 @000000000000060c..000000000001060b io [ROOT]
      #75 @0000000000000700..000000000000073f pm-smbus
      #76 @0000000000000740..000000000001073f io [ROOT]
      #77 @0000000000000cf8..0000000000000cfb pci-conf-idx
      #78 @0000000000000cf9..0000000000000cf9 piix3-reset-control
      #79 @0000000000000cfa..0000000000000cfd pci-conf-idx
      #80 @0000000000000cfc..0000000000000cff pci-conf-data
      #81 @0000000000000d00..0000000000010cff io [ROOT]
      #82 @0000000000001000..0000000000010fff io [ROOT]
      #83 @0000000000005000..0000000000005fff (noname)
      #84 @0000000000005000..0000000000014fff io [ROOT]
      #85 @0000000000005658..0000000000005658 vmport
      #86 @0000000000005659..0000000000015658 io [ROOT]
      #87 @0000000000006000..0000000000015fff io [ROOT]
      #88 @000000000000a000..000000000000afff (noname)
      #89 @000000000000a000..0000000000019fff io [ROOT]
      #90 @000000000000ae00..000000000000ae13 acpi-pci-hotplug
      #91 @000000000000ae14..000000000001ae13 io [ROOT]
      #92 @000000000000af00..000000000000af0b acpi-cpu-hotplug
      #93 @000000000000af0c..000000000001af0b io [ROOT]
      #94 @000000000000afe0..000000000000afe3 acpi-gpe0
      #95 @000000000000afe4..000000000001afe3 io [ROOT]
      #96 @000000000000b000..000000000001afff io [ROOT]
      #97 @000000000000c000..000000000000cfff (noname)
      #98 @000000000000c000..000000000000c03f e1000-io
      #99 @000000000000c040..000000000000c043 piix-bmdma
      #100 @000000000000c044..000000000000c047 bmdma
      #101 @000000000000c048..000000000000c04b piix-bmdma
      #102 @000000000000c04c..000000000000c04f bmdma
      #103 @000000000000c050..000000000001c04f io [ROOT]
      #104 @000000000000d000..000000000001cfff io [ROOT]
    Nodes (9 bits per level, 6 levels) ptr=[5] skip=6
      [0]
	  0       skip=5  ptr=[5]
	  1..511  skip=1  ptr=NIL
      [1]
	  0       skip=4  ptr=[5]
	  1..511  skip=1  ptr=NIL
      [2]
	  0       skip=3  ptr=[5]
	  1..511  skip=1  ptr=NIL
      [3]
	  0       skip=2  ptr=[5]
	  1..511  skip=1  ptr=NIL
      [4]
	  0       skip=1  ptr=[5]
	  1..511  skip=1  ptr=NIL
      [5]
	  0       skip=0  ptr=#1
	  1..4    skip=0  ptr=#82
	  5       skip=0  ptr=#83
	  6..9    skip=0  ptr=#87
	 10       skip=0  ptr=#88
	 11       skip=0  ptr=#96
	 12       skip=0  ptr=#97
	 13..15   skip=0  ptr=#104
	 16..511  skip=0  ptr=#0