10580 ioctl(0x3, 0xae00, 0)             = 0xc
10580 ioctl(0x3, 0xae01, 0)             = 0x4
10580 ioctl(0x4, 0xae47, 0xfffbd000)    = 0
10580 ioctl(0x4, 0x4020ae46, 0x7fff90e1b4e0) = 0
10580 ioctl(0x4, 0xae41, 0)             = 0x5
10580 ioctl(0x3, 0xae04, 0)             = 0x3000
10580 ioctl(0x5, 0x8138ae83, 0x7fff90e1b3c0) = 0
10580 ioctl(0x5, 0x4138ae84, 0x7fff90e1b3c0) = 0
10580 ioctl(0x5, 0x4090ae82, 0x7fff90e1b330) = 0
10580 ioctl(0x5, 0xae80, 0)             = 0
10580 ioctl(0x5, 0xae80, 0)             = 0
10580 ioctl(0x5, 0xae80, 0)             = 0
10580 ioctl(0x5, 0xae80, 0)             = 0
10580 ioctl(0x5, 0x8138ae83, 0x7fff90e1b1b0) = 0
10580 ioctl(0x5, 0x8090ae81, 0x7fff90e1b120) = 0
10583 ioctl(0x3, 0xae00, 0)             = 0xc
10583 ioctl(0x3, 0xae01, 0)             = 0x4
10583 ioctl(0x4, 0xae47, 0xfffbd000)    = 0
10583 ioctl(0x4, 0x4020ae46, 0x7fff90e1ae70) = 0
10583 ioctl(0x4, 0xae41, 0)             = 0x5
10583 ioctl(0x3, 0xae04, 0)             = 0x3000
10583 ioctl(0x5, 0x4138ae84, 0x7fff90e1af10) = 0
10583 ioctl(0x5, 0x4090ae82, 0x7fff90e1b048) = 0
10583 ioctl(0x5, 0xae80, 0)             = 0
10583 ioctl(0x5, 0xae80, 0)             = 0
10583 ioctl(0x5, 0xae80, 0)             = 0
10583 ioctl(0x5, 0xae80, 0)             = 0
10583 ioctl(0x5, 0xae80, 0)             = 0
10583 ioctl(0x5, 0xae80, 0)             = 0
10583 ioctl(0x5, 0x8090ae81, 0x7fff90e1ae00) = 0
10583 +++ exited with 0 +++
10580 --- SIGCHLD {si_signo=SIGCHLD, si_code=CLD_EXITED, si_pid=10583, si_uid=1008, si_status=0, si_utime=0, si_stime=0} ---
10580 ioctl(0x5, 0xae80, 0)             = 0
10580 ioctl(0x5, 0xae80, 0)             = 0
10580 ioctl(0x5, 0xae80, 0)             = 0
10580 ioctl(0x5, 0xae80, 0)             = 0
10580 ioctl(0x5, 0xae80, 0)             = 0
10580 ioctl(0x5, 0xae80, 0)             = 0
10580 ioctl(0x5, 0x8138ae83, 0x7fff90e1b1b0) = 0
10580 ioctl(0x5, 0x8090ae81, 0x7fff90e1b120) = 0
10580 ioctl(0x5, 0x8090ae81, 0x7fff90e1b120) = 0
10580 +++ exited with 0 +++
